<?xml version="1.0" encoding="UTF-8"?>
<testng-results ignored="0" total="4" passed="1" failed="1" skipped="2">
  <reporter-output>
  </reporter-output>
  <suite started-at="2025-09-24T01:57:36 IST" name="Default suite" finished-at="2025-09-24T01:57:36 IST" duration-ms="90">
    <groups>
    </groups>
    <test started-at="2025-09-24T01:57:36 IST" name="Default test" finished-at="2025-09-24T01:57:36 IST" duration-ms="90">
      <class name="HeperAttributes_TestNgExtara.DemoForDependency">
        <test-method signature="login()[pri:0, instance:HeperAttributes_TestNgExtara.DemoForDependency@15ff3e9e]" started-at="2025-09-24T01:57:36 IST" name="login" finished-at="2025-09-24T01:57:36 IST" duration-ms="22" status="FAIL">
          <exception class="java.lang.AssertionError">
            <message>
              <![CDATA[expected [true] but found [false]]]>
            </message>
            <full-stacktrace>
              <![CDATA[java.lang.AssertionError: expected [true] but found [false]
at org.testng.Assert.fail(Assert.java:111)
at org.testng.Assert.failNotEquals(Assert.java:1590)
at org.testng.Assert.assertTrue(Assert.java:57)
at org.testng.Assert.assertTrue(Assert.java:67)
at HeperAttributes_TestNgExtara.DemoForDependency.login(DemoForDependency.java:10)
at java.base/jdk.internal.reflect.DirectMethodHandleAccessor.invoke(DirectMethodHandleAccessor.java:104)
at java.base/java.lang.reflect.Method.invoke(Method.java:565)
at org.testng.internal.invokers.MethodInvocationHelper.invokeMethod(MethodInvocationHelper.java:141)
at org.testng.internal.invokers.TestInvoker.invokeMethod(TestInvoker.java:687)
at org.testng.internal.invokers.TestInvoker.invokeTestMethod(TestInvoker.java:230)
at org.testng.internal.invokers.MethodRunner.runInSequence(MethodRunner.java:63)
at org.testng.internal.invokers.TestInvoker$MethodInvocationAgent.invoke(TestInvoker.java:995)
at org.testng.internal.invokers.TestInvoker.invokeTestMethods(TestInvoker.java:203)
at org.testng.internal.invokers.TestMethodWorker.invokeTestMethods(TestMethodWorker.java:154)
at org.testng.internal.invokers.TestMethodWorker.run(TestMethodWorker.java:134)
at java.base/java.util.ArrayList.forEach(ArrayList.java:1604)
at org.testng.TestRunner.privateRun(TestRunner.java:741)
at org.testng.TestRunner.run(TestRunner.java:616)
at org.testng.SuiteRunner.runTest(SuiteRunner.java:421)
at org.testng.SuiteRunner.runSequentially(SuiteRunner.java:413)
at org.testng.SuiteRunner.privateRun(SuiteRunner.java:373)
at org.testng.SuiteRunner.run(SuiteRunner.java:312)
at org.testng.SuiteRunnerWorker.runSuite(SuiteRunnerWorker.java:52)
at org.testng.SuiteRunnerWorker.run(SuiteRunnerWorker.java:95)
at org.testng.TestNG.runSuitesSequentially(TestNG.java:1274)
at org.testng.TestNG.runSuitesLocally(TestNG.java:1208)
at org.testng.TestNG.runSuites(TestNG.java:1112)
at org.testng.TestNG.run(TestNG.java:1079)
at org.testng.remote.AbstractRemoteTestNG.run(AbstractRemoteTestNG.java:115)
at org.testng.remote.RemoteTestNG.initAndRun(RemoteTestNG.java:293)
at org.testng.remote.RemoteTestNG.main(RemoteTestNG.java:91)
]]>
            </full-stacktrace>
          </exception> <!-- java.lang.AssertionError -->
          <reporter-output>
          </reporter-output>
        </test-method> <!-- login -->
        <test-method signature="search()[pri:0, instance:HeperAttributes_TestNgExtara.DemoForDependency@15ff3e9e]" started-at="2025-09-24T01:57:36 IST" name="search" finished-at="2025-09-24T01:57:36 IST" depends-on-methods="HeperAttributes_TestNgExtara.DemoForDependency.login" duration-ms="0" status="SKIP">
          <exception class="java.lang.Throwable">
            <message>
              <![CDATA[Method HeperAttributes_TestNgExtara.DemoForDependency.search() on instance HeperAttributes_TestNgExtara.DemoForDependency@15ff3e9e depends on not successfully finished methods 
[HeperAttributes_TestNgExtara.DemoForDependency.login() on instance HeperAttributes_TestNgExtara.DemoForDependency@15ff3e9e]]]>
            </message>
            <full-stacktrace>
              <![CDATA[java.lang.Throwable: Method HeperAttributes_TestNgExtara.DemoForDependency.search() on instance HeperAttributes_TestNgExtara.DemoForDependency@15ff3e9e depends on not successfully finished methods 
[HeperAttributes_TestNgExtara.DemoForDependency.login() on instance HeperAttributes_TestNgExtara.DemoForDependency@15ff3e9e]
at org.testng.internal.invokers.TestInvoker.invokeTestMethods(TestInvoker.java:159)
at org.testng.internal.invokers.TestMethodWorker.invokeTestMethods(TestMethodWorker.java:154)
at org.testng.internal.invokers.TestMethodWorker.run(TestMethodWorker.java:134)
at java.base/java.util.ArrayList.forEach(ArrayList.java:1604)
at org.testng.TestRunner.privateRun(TestRunner.java:741)
at org.testng.TestRunner.run(TestRunner.java:616)
at org.testng.SuiteRunner.runTest(SuiteRunner.java:421)
at org.testng.SuiteRunner.runSequentially(SuiteRunner.java:413)
at org.testng.SuiteRunner.privateRun(SuiteRunner.java:373)
at org.testng.SuiteRunner.run(SuiteRunner.java:312)
at org.testng.SuiteRunnerWorker.runSuite(SuiteRunnerWorker.java:52)
at org.testng.SuiteRunnerWorker.run(SuiteRunnerWorker.java:95)
at org.testng.TestNG.runSuitesSequentially(TestNG.java:1274)
at org.testng.TestNG.runSuitesLocally(TestNG.java:1208)
at org.testng.TestNG.runSuites(TestNG.java:1112)
at org.testng.TestNG.run(TestNG.java:1079)
at org.testng.remote.AbstractRemoteTestNG.run(AbstractRemoteTestNG.java:115)
at org.testng.remote.RemoteTestNG.initAndRun(RemoteTestNG.java:293)
at org.testng.remote.RemoteTestNG.main(RemoteTestNG.java:91)
]]>
            </full-stacktrace>
          </exception> <!-- java.lang.Throwable -->
          <reporter-output>
          </reporter-output>
        </test-method> <!-- search -->
        <test-method signature="AddtoCart()[pri:0, instance:HeperAttributes_TestNgExtara.DemoForDependency@15ff3e9e]" started-at="2025-09-24T01:57:36 IST" name="AddtoCart" finished-at="2025-09-24T01:57:36 IST" depends-on-methods="HeperAttributes_TestNgExtara.DemoForDependency.search" duration-ms="0" status="SKIP">
          <exception class="java.lang.Throwable">
            <message>
              <![CDATA[Method HeperAttributes_TestNgExtara.DemoForDependency.AddtoCart() on instance HeperAttributes_TestNgExtara.DemoForDependency@15ff3e9e depends on not successfully finished methods 
[HeperAttributes_TestNgExtara.DemoForDependency.search() on instance HeperAttributes_TestNgExtara.DemoForDependency@15ff3e9e]]]>
            </message>
            <full-stacktrace>
              <![CDATA[java.lang.Throwable: Method HeperAttributes_TestNgExtara.DemoForDependency.AddtoCart() on instance HeperAttributes_TestNgExtara.DemoForDependency@15ff3e9e depends on not successfully finished methods 
[HeperAttributes_TestNgExtara.DemoForDependency.search() on instance HeperAttributes_TestNgExtara.DemoForDependency@15ff3e9e]
at org.testng.internal.invokers.TestInvoker.invokeTestMethods(TestInvoker.java:159)
at org.testng.internal.invokers.TestMethodWorker.invokeTestMethods(TestMethodWorker.java:154)
at org.testng.internal.invokers.TestMethodWorker.run(TestMethodWorker.java:134)
at java.base/java.util.ArrayList.forEach(ArrayList.java:1604)
at org.testng.TestRunner.privateRun(TestRunner.java:741)
at org.testng.TestRunner.run(TestRunner.java:616)
at org.testng.SuiteRunner.runTest(SuiteRunner.java:421)
at org.testng.SuiteRunner.runSequentially(SuiteRunner.java:413)
at org.testng.SuiteRunner.privateRun(SuiteRunner.java:373)
at org.testng.SuiteRunner.run(SuiteRunner.java:312)
at org.testng.SuiteRunnerWorker.runSuite(SuiteRunnerWorker.java:52)
at org.testng.SuiteRunnerWorker.run(SuiteRunnerWorker.java:95)
at org.testng.TestNG.runSuitesSequentially(TestNG.java:1274)
at org.testng.TestNG.runSuitesLocally(TestNG.java:1208)
at org.testng.TestNG.runSuites(TestNG.java:1112)
at org.testng.TestNG.run(TestNG.java:1079)
at org.testng.remote.AbstractRemoteTestNG.run(AbstractRemoteTestNG.java:115)
at org.testng.remote.RemoteTestNG.initAndRun(RemoteTestNG.java:293)
at org.testng.remote.RemoteTestNG.main(RemoteTestNG.java:91)
]]>
            </full-stacktrace>
          </exception> <!-- java.lang.Throwable -->
          <reporter-output>
          </reporter-output>
        </test-method> <!-- AddtoCart -->
        <test-method signature="payment()[pri:0, instance:HeperAttributes_TestNgExtara.DemoForDependency@15ff3e9e]" started-at="2025-09-24T01:57:36 IST" name="payment" finished-at="2025-09-24T01:57:36 IST" depends-on-methods="HeperAttributes_TestNgExtara.DemoForDependency.AddtoCart" duration-ms="1" status="PASS">
          <reporter-output>
          </reporter-output>
        </test-method> <!-- payment -->
      </class> <!-- HeperAttributes_TestNgExtara.DemoForDependency -->
    </test> <!-- Default test -->
  </suite> <!-- Default suite -->
</testng-results>
